{
  "numTotalTestSuites": 1,
  "numPassedTestSuites": 1,
  "numFailedTestSuites": 0,
  "numPendingTestSuites": 0,
  "numTotalTests": 1,
  "numPassedTests": 1,
  "numFailedTests": 0,
  "numPendingTests": 0,
  "numTodoTests": 0,
  "startTime": 1703249839718,
  "success": true,
  "testResults": [
    {
      "assertionResults": [
        {
          "ancestorTitles": [
            ""
          ],
          "fullName": " adds 1 + 3 to equal 4",
          "status": "passed",
          "title": "adds 1 + 3 to equal 4",
          "duration": 2,
          "failureMessages": []
        }
      ],
      "startTime": 1703249840440,
      "endTime": 1703249840442,
      "status": "passed",
      "message": "",
      "name": "C:/Users/evego/Documents/M1/integration_deploiement/j-stalk_front-id/sum.test.js"
    }
  ]
}